Running main() from gtest_main.cc
[==========] Running 3 tests from 3 test cases.
[----------] Global test environment set-up.
[----------] 1 test from TriangleTest
[ RUN      ] TriangleTest.StrongFormTesting
[       OK ] TriangleTest.StrongFormTesting (0 ms)
[----------] 1 test from TriangleTest (0 ms total)

[----------] 1 test from NextDateTest
[ RUN      ] NextDateTest.StrongFormTesting
[       OK ] NextDateTest.StrongFormTesting (0 ms)
[----------] 1 test from NextDateTest (0 ms total)

[----------] 1 test from CommissionTest
[ RUN      ] CommissionTest.StrongFormTesting
./StrongFormTesting.cpp:76: Failure
      Expected: Commission(10, 10, 10)
      Which is: ""
To be equal to: "$100"
./StrongFormTesting.cpp:77: Failure
      Expected: Commission(-1, 40, 45)
      Which is: ""
To be equal to: "Program terminates"
./StrongFormTesting.cpp:78: Failure
      Expected: Commission(-2, 40, 45)
      Which is: ""
To be equal to: "locks not in 1...70"
./StrongFormTesting.cpp:79: Failure
      Expected: Commission(71, 40, 45)
      Which is: ""
To be equal to: "locks not in 1...70"
./StrongFormTesting.cpp:80: Failure
      Expected: Commission(35, -1, 45)
      Which is: ""
To be equal to: "stocks not in 1...80"
./StrongFormTesting.cpp:81: Failure
      Expected: Commission(35, 81, 45)
      Which is: ""
To be equal to: "stocks not in 1...80"
./StrongFormTesting.cpp:82: Failure
      Expected: Commission(35, 40, -1)
      Which is: ""
To be equal to: "barrels not in 1...90"
./StrongFormTesting.cpp:83: Failure
      Expected: Commission(35, 40, 91)
      Which is: ""
To be equal to: "barrels not in 1...90"
./StrongFormTesting.cpp:85: Failure
      Expected: Commission(-2, 40, 45)
      Which is: ""
To be equal to: "locks not in 1...70"
./StrongFormTesting.cpp:86: Failure
      Expected: Commission(35, -1, 45)
      Which is: ""
To be equal to: "stocks not in 1...80"
./StrongFormTesting.cpp:87: Failure
      Expected: Commission(35, 40, -2)
      Which is: ""
To be equal to: "barrels not in 1...90"
./StrongFormTesting.cpp:88: Failure
      Expected: Commission(-2, -1, 45)
      Which is: ""
To be equal to: "locks not in 1...70\nstocks not in 1...80"
With diff:
@@ -1,1 +1,2 @@
-""
+locks not in 1...70
+stocks not in 1...80

./StrongFormTesting.cpp:89: Failure
      Expected: Commission(-2, 40, -1)
      Which is: ""
To be equal to: "locks not in 1...70\nbarels not in 1...90"
With diff:
@@ -1,1 +1,2 @@
-""
+locks not in 1...70
+barels not in 1...90

./StrongFormTesting.cpp:90: Failure
      Expected: Commission(35, -1, -1)
      Which is: ""
To be equal to: "stocks not in 1...80\nbarrels not in 1...90"
With diff:
@@ -1,1 +1,2 @@
-""
+stocks not in 1...80
+barrels not in 1...90

./StrongFormTesting.cpp:91: Failure
      Expected: Commission(-2, -1, -1)
      Which is: ""
To be equal to: "locks not in 1...70\nstocks not in 1...80\nbarrels not in 1...90"
With diff:
@@ -1,1 +1,3 @@
-""
+locks not in 1...70
+stocks not in 1...80
+barrels not in 1...90

[  FAILED  ] CommissionTest.StrongFormTesting (0 ms)
[----------] 1 test from CommissionTest (0 ms total)

[----------] Global test environment tear-down
[==========] 3 tests from 3 test cases ran. (2 ms total)
[  PASSED  ] 2 tests.
[  FAILED  ] 1 test, listed below:
[  FAILED  ] CommissionTest.StrongFormTesting

 1 FAILED TEST
