Running main() from gtest_main.cc
[==========] Running 3 tests from 3 test cases.
[----------] Global test environment set-up.
[----------] 1 test from TriangleTest
[ RUN      ] TriangleTest.WeakFormTesting
[       OK ] TriangleTest.WeakFormTesting (0 ms)
[----------] 1 test from TriangleTest (0 ms total)

[----------] 1 test from NextDateTest
[ RUN      ] NextDateTest.WeakFormTesting
./WeakFormTesting.cpp:28: Failure
      Expected: NextDate(-1, 15, 1912)
      Which is: "-1/15/1912"
To be equal to: "month not in 1...12"
./WeakFormTesting.cpp:29: Failure
      Expected: NextDate(13, 15, 1912)
      Which is: "13/15/1912"
To be equal to: "month not in 1...12"
./WeakFormTesting.cpp:30: Failure
      Expected: NextDate(6, -1, 1912)
      Which is: "6/0/1912"
To be equal to: "day not in 1...31"
./WeakFormTesting.cpp:31: Failure
      Expected: NextDate(6, 32, 1912)
      Which is: "Invalid input date"
To be equal to: "day not in 1...31"
./WeakFormTesting.cpp:32: Failure
      Expected: NextDate(6, 15, 1811)
      Which is: "6/16/1811"
To be equal to: "year not in 1812...2012"
./WeakFormTesting.cpp:33: Failure
      Expected: NextDate(6, 15, 2013)
      Which is: "6/16/2013"
To be equal to: "year not in 1812...2012"
[  FAILED  ] NextDateTest.WeakFormTesting (0 ms)
[----------] 1 test from NextDateTest (0 ms total)

[----------] 1 test from CommissionTest
[ RUN      ] CommissionTest.WeakFormTesting
./WeakFormTesting.cpp:38: Failure
      Expected: Commission(10, 10, 10)
      Which is: ""
To be equal to: "$100"
./WeakFormTesting.cpp:39: Failure
      Expected: Commission(-1, 40, 45)
      Which is: ""
To be equal to: "Program terminates"
./WeakFormTesting.cpp:40: Failure
      Expected: Commission(-2, 40, 45)
      Which is: ""
To be equal to: "locks not in 1...70"
./WeakFormTesting.cpp:41: Failure
      Expected: Commission(71, 40, 45)
      Which is: ""
To be equal to: "locks not in 1...70"
./WeakFormTesting.cpp:42: Failure
      Expected: Commission(35, -1, 45)
      Which is: ""
To be equal to: "stocks not in 1...80"
./WeakFormTesting.cpp:43: Failure
      Expected: Commission(35, 81, 45)
      Which is: ""
To be equal to: "stocks not in 1...80"
./WeakFormTesting.cpp:44: Failure
      Expected: Commission(35, 40, -1)
      Which is: ""
To be equal to: "barrels not in 1...90"
./WeakFormTesting.cpp:45: Failure
      Expected: Commission(35, 40, 91)
      Which is: ""
To be equal to: "barrels not in 1...90"
[  FAILED  ] CommissionTest.WeakFormTesting (0 ms)
[----------] 1 test from CommissionTest (0 ms total)

[----------] Global test environment tear-down
[==========] 3 tests from 3 test cases ran. (0 ms total)
[  PASSED  ] 1 test.
[  FAILED  ] 2 tests, listed below:
[  FAILED  ] NextDateTest.WeakFormTesting
[  FAILED  ] CommissionTest.WeakFormTesting

 2 FAILED TESTS
